[{
  "data": "[NbConvertApp] Converting notebook __notebook__.ipynb to notebook\n",
  "stream_name": "stderr",
  "time": 2.874453796997841
},{
  "data": "[NbConvertApp] Executing notebook with kernel: python3\n",
  "stream_name": "stderr",
  "time": 2.9948843629972544
},{
  "data": "[NbConvertApp] Writing 1524919 bytes to __notebook__.ipynb\n",
  "stream_name": "stderr",
  "time": 19.431586516002426
},{
  "data": "[NbConvertApp] Converting notebook __notebook__.ipynb to html\n",
  "stream_name": "stderr",
  "time": 21.936468090003473
},{
  "data": "[NbConvertApp] Support files will be in __results___files/\n[NbConvertApp] Making directory __results___files\n",
  "stream_name": "stderr",
  "time": 22.760177949996432
},{
  "data": "[NbConvertApp] Writing 729492 bytes to __results__.html\n",
  "stream_name": "stderr",
  "time": 22.761921397999686
}]